#
#model:
#
#<?xml version="1.0" encoding="UTF-8" standalone="no"?><input id="posterior" spec="beast.core.util.CompoundDistribution">
#    <distribution id="prior" spec="beast.core.util.CompoundDistribution"/>
#    <distribution id="likelihood" spec="beast.core.util.CompoundDistribution">
#        <distribution id="coalescent" spec="beast.structuredCoalescent.distribution.ApproximateStructuredCoalescent">
#            <parameter dimension="2" id="coalRates" name="coalescentRates">2.0 4.0</parameter>
#            <parameter dimension="2" id="migRates" name="migrationRates" upper="140.0">0.001 0.01</parameter>
#            <parameter id="stepSize" name="timeStep">0.01</parameter>
#            <dim id="IntegerParameter" lower="0" spec="beast.core.parameter.IntegerParameter" upper="0">2</dim>
#            <structuredTreeIntervals id="TreeIntervals" spec="beast.structuredCoalescent.distribution.StructuredTreeIntervals">
#                <tree id="NewickTree.t:Species"/>
#            </structuredTreeIntervals>
#        </distribution>
#    </distribution>
#</input>
#
Sample	migRates1	migRates2	coalRates1	coalRates2	posterior
0	0.00102	0.01	2.0	4.0	-147.72043495486574
1	0.0010404000000000001	0.01	2.0	4.0	-147.48271664122063
2	0.0010612080000000001	0.01	2.0	4.0	-147.24718561707724
3	0.0010824321600000002	0.01	2.0	4.0	-147.01388710026995
4	0.0011040808032000001	0.01	2.0	4.0	-146.78286550012248
5	0.0011261624192640003	0.01	2.0	4.0	-146.55416441785343
6	0.0011486856676492802	0.01	2.0	4.0	-146.32782664862282
7	0.0011716593810022658	0.01	2.0	4.0	-146.1038941852941
8	0.0011950925686223112	0.01	2.0	4.0	-145.88240822371571
9	0.0012189944199947574	0.01	2.0	4.0	-145.6634091697179
10	0.0012433743083946527	0.01	2.0	4.0	-145.44693664764617
11	0.0012682417945625458	0.01	2.0	4.0	-145.233029510527
12	0.0012936066304537967	0.01	2.0	4.0	-145.02172585169993
13	0.0013194787630628727	0.01	2.0	4.0	-144.81306301813626
14	0.00134586833832413	0.01	2.0	4.0	-144.60707762513442
15	0.0013727857050906127	0.01	2.0	4.0	-144.40380557258123
16	0.001400241419192425	0.01	2.0	4.0	-144.20328206267376
17	0.0014282462475762735	0.01	2.0	4.0	-144.00554161903827
18	0.001456811172527799	0.01	2.0	4.0	-143.81061810732703
19	0.001485947395978355	0.01	2.0	4.0	-143.61854475710211
20	0.001515666343897922	0.01	2.0	4.0	-143.4293541851774
21	0.0015459796707758804	0.01	2.0	4.0	-143.2430784201949
22	0.001576899264191398	0.01	2.0	4.0	-143.05974892850793
23	0.001608437249475226	0.01	2.0	4.0	-142.87939664140836
24	0.0016406059944647305	0.01	2.0	4.0	-142.7020519834238
25	0.001673418114354025	0.01	2.0	4.0	-142.5277449019457
26	0.0017068864766411056	0.01	2.0	4.0	-142.35650489797288
27	0.0017410242061739278	0.01	2.0	4.0	-142.18836105796157
28	0.0017758446902974064	0.01	2.0	4.0	-142.02334208681816
29	0.0018113615841033545	0.01	2.0	4.0	-141.8614763419717
30	0.0018475888157854217	0.01	2.0	4.0	-141.70279186841398
31	0.0018845405921011301	0.01	2.0	4.0	-141.54731643485712
32	0.0019222314039431527	0.01	2.0	4.0	-141.39507757077524
33	0.001960676032022016	0.01	2.0	4.0	-141.2461026044671
34	0.001999889552662456	0.01	2.0	4.0	-141.10041870202338
35	0.0020398873437157054	0.01	2.0	4.0	-140.9580529072168
36	0.0020806850905900195	0.01	2.0	4.0	-140.81903218221066
37	0.00212229879240182	0.01	2.0	4.0	-140.6833834491892
38	0.0021647447682498562	0.01	2.0	4.0	-140.5511336327839
39	0.0022080396636148534	0.01	2.0	4.0	-140.42230970331664
40	0.0022522004568871503	0.01	2.0	4.0	-140.29693872082348
41	0.0022972444660248935	0.01	2.0	4.0	-140.17504787986368
42	0.0023431893553453914	0.01	2.0	4.0	-140.05666455505545
43	0.002390053142452299	0.01	2.0	4.0	-139.94181634737816
44	0.002437854205301345	0.01	2.0	4.0	-139.83053113116213
45	0.002486611289407372	0.01	2.0	4.0	-139.7228371018315
46	0.0025363435151955194	0.01	2.0	4.0	-139.6187628242825
47	0.00258707038549943	0.01	2.0	4.0	-139.51833728201154
48	0.0026388117932094187	0.01	2.0	4.0	-139.42158992686097
49	0.002691588029073607	0.01	2.0	4.0	-139.32855072949164
50	0.0027454197896550794	0.01	2.0	4.0	-139.23925023046084
51	0.002800328185448181	0.01	2.0	4.0	-139.15371959201718
52	0.0028563347491571446	0.01	2.0	4.0	-139.0719906505051
53	0.0029134614441402875	0.01	2.0	4.0	-138.99409596946685
54	0.002971730673023093	0.01	2.0	4.0	-138.92006889336443
55	0.003031165286483555	0.01	2.0	4.0	-138.849943601983
56	0.003091788592213226	0.01	2.0	4.0	-138.7837551654819
57	0.0031536243640574906	0.01	2.0	4.0	-138.7215396001338
58	0.0032166968513386404	0.01	2.0	4.0	-138.6633339247112
59	0.003281030788365413	0.01	2.0	4.0	-138.60917621756033
60	0.0033466514041327216	0.01	2.0	4.0	-138.55910567436993
61	0.0034135844322153762	0.01	2.0	4.0	-138.51316266663454
62	0.003481856120859684	0.01	2.0	4.0	-138.47138880082207
63	0.0035514932432768776	0.01	2.0	4.0	-138.4338269782666
64	0.003622523108142415	0.01	2.0	4.0	-138.40052145578605
65	0.0036949735703052634	0.01	2.0	4.0	-138.3715179070499
66	0.0037688730417113686	0.01	2.0	4.0	-138.3468634847339
67	0.003844250502545596	0.01	2.0	4.0	-138.32660688338933
68	0.003921135512596508	0.01	2.0	4.0	-138.31079840317716
69	0.003999558222848438	0.01	2.0	4.0	-138.2994900143542
70	0.0040795493873054065	0.01	2.0	4.0	-138.29273542260572
71	0.004161140375051515	0.01	2.0	4.0	-138.29059013521882
72	0.004244363182552545	0.01	2.0	4.0	-138.29311152811482
73	0.004329250446203596	0.01	2.0	4.0	-138.30035891372805
74	0.004415835455127668	0.01	2.0	4.0	-138.3123936098159
75	0.004504152164230221	0.01	2.0	4.0	-138.3292790091288
76	0.004594235207514826	0.01	2.0	4.0	-138.351080650019
77	0.004686119911665123	0.01	2.0	4.0	-138.37786628798062
78	0.004779842309898425	0.01	2.0	4.0	-138.409705968104
79	0.004875439156096393	0.01	2.0	4.0	-138.4466720985133
80	0.004972947939218321	0.01	2.0	4.0	-138.48883952473568
81	0.005072406898002688	0.01	2.0	4.0	-138.53628560503023
82	0.005173855035962741	0.01	2.0	4.0	-138.589090286695
83	0.0052773321366819965	0.01	2.0	4.0	-138.64733618331914
84	0.005382878779415637	0.01	2.0	4.0	-138.71110865299306
85	0.00549053635500395	0.01	2.0	4.0	-138.7804958774608
86	0.005600347082104029	0.01	2.0	4.0	-138.85558894220114
87	0.0057123540237461095	0.01	2.0	4.0	-138.9364819174276
88	0.005826601104221032	0.01	2.0	4.0	-139.02327193993696
89	0.005943133126305453	0.01	2.0	4.0	-139.11605929584815
90	0.006061995788831562	0.01	2.0	4.0	-139.2149475041027
91	0.0061832357046081934	0.01	2.0	4.0	-139.32004340075065
92	0.006306900418700357	0.01	2.0	4.0	-139.43145722391182
93	0.006433038427074365	0.01	2.0	4.0	-139.54930269936344
94	0.006561699195615852	0.01	2.0	4.0	-139.6736971266792
95	0.006692933179528169	0.01	2.0	4.0	-139.80476146579082
96	0.006826791843118732	0.01	2.0	4.0	-139.94262042391475
97	0.006963327679981107	0.01	2.0	4.0	-140.08740254265902
98	0.00710259423358073	0.01	2.0	4.0	-140.23924028522742
99	0.007244646118252344	0.01	2.0	4.0	-140.39827012351375
100	0.007389539040617391	0.01	2.0	4.0	-140.56463262493557
101	0.007537329821429739	0.01	2.0	4.0	-140.7384725387922
102	0.007688076417858334	0.01	2.0	4.0	-140.91993888192584
103	0.0078418379462155	0.01	2.0	4.0	-141.10918502342793
104	0.007998674705139812	0.01	2.0	4.0	-141.30636876812704
105	0.008158648199242608	0.01	2.0	4.0	-141.5116524385211
106	0.00832182116322746	0.01	2.0	4.0	-141.72520295484736
107	0.008488257586492009	0.01	2.0	4.0	-141.9471919128724
108	0.00865802273822185	0.01	2.0	4.0	-142.1777956590196
109	0.008831183192986286	0.01	2.0	4.0	-142.41719536236695
110	0.009007806856846013	0.01	2.0	4.0	-142.66557708299186
111	0.009187962993982933	0.01	2.0	4.0	-142.9231318361645
112	0.009371722253862591	0.01	2.0	4.0	-143.19005565173893
113	0.009559156698939843	0.01	2.0	4.0	-143.46654962812332
114	0.00975033983291864	0.01	2.0	4.0	-143.7528199801212
115	0.009945346629577013	0.01	2.0	4.0	-144.04907807987203
116	0.010144253562168554	0.01	2.0	4.0	-144.3555404900151
117	0.010347138633411924	0.01	2.0	4.0	-144.67242898827465
118	0.010554081406080162	0.01	2.0	4.0	-144.9999705823922
119	0.010765163034201766	0.01	2.0	4.0	-145.33839751443756
120	0.010980466294885801	0.01	2.0	4.0	-145.68794725331009
121	0.011200075620783517	0.01	2.0	4.0	-146.0488624742989
122	0.011424077133199187	0.01	2.0	4.0	-146.42139102433111
123	0.011652558675863171	0.01	2.0	4.0	-146.8057858716107
124	0.011885609849380434	0.01	2.0	4.0	-147.2023050381284
125	0.012123322046368044	0.01	2.0	4.0	-147.61121151348945
126	0.012365788487295405	0.01	2.0	4.0	-148.03277314847315
127	0.012613104257041314	0.01	2.0	4.0	-148.46726252647866
128	0.01286536634218214	0.01	2.0	4.0	-148.91495681108768
129	0.013122673669025782	0.01	2.0	4.0	-149.37613756785188
130	0.013385127142406299	0.01	2.0	4.0	-149.85109055819927
131	0.013652829685254424	0.01	2.0	4.0	-150.34010550340764
132	0.013925886278959514	0.01	2.0	4.0	-150.84347581648854
133	0.014204404004538705	0.01	2.0	4.0	-151.36149829970492
134	0.01448849208462948	0.01	2.0	4.0	-151.8944728054147
135	0.014778261926322069	0.01	2.0	4.0	-152.44270185784163
136	0.01507382716484851	0.01	2.0	4.0	-153.00649023346858
137	0.01537530370814548	0.01	2.0	4.0	-153.5861444975474
138	0.01568280978230839	0.01	2.0	4.0	-154.1819724943222
139	0.01599646597795456	0.01	2.0	4.0	-154.79428278863452
140	0.01631639529751365	0.01	2.0	4.0	-155.42338405654132
141	0.016642723203463924	0.01	2.0	4.0	-156.06958442259102
142	0.016975577667533204	0.01	2.0	4.0	-156.7331907418769
143	0.01731508922088387	0.01	2.0	4.0	-157.4145078246404
144	0.017661391005301546	0.01	2.0	4.0	-158.1138376017768
145	0.01801461882540758	0.01	2.0	4.0	-158.8314782297634
146	0.01837491120191573	0.01	2.0	4.0	-159.56772313374628
147	0.018742409425954048	0.01	2.0	4.0	-160.32285998798253
148	0.01911725761447313	0.01	2.0	4.0	-161.0971696332726
149	0.019499602766762592	0.01	2.0	4.0	-161.8909249314113
150	0.019889594822097845	0.01	2.0	4.0	-162.70438955741287
151	0.0202873867185398	0.01	2.0	4.0	-163.53781673076816
152	0.020693134452910596	0.01	2.0	4.0	-164.39144788789264
153	0.021106997141968807	0.01	2.0	4.0	-165.26551129841826
154	0.021529137084808185	0.01	2.0	4.0	-166.16022062929568
155	0.02195971982650435	0.01	2.0	4.0	-167.07577346122451
156	0.022398914223034437	0.01	2.0	4.0	-168.01234976328544
157	0.022846892507495126	0.01	2.0	4.0	-168.97011033243186
158	0.02330383035764503	0.01	2.0	4.0	-169.94919520607294
159	0.02376990696479793	0.01	2.0	4.0	-170.94972205676584
160	0.024245305104093888	0.01	2.0	4.0	-171.97178457963238
161	0.024730211206175766	0.01	2.0	4.0	-173.01545088422674
162	0.02522481543029928	0.01	2.0	4.0	-174.08076190382747
163	0.025729311738905265	0.01	2.0	4.0	-175.16772983669637
164	0.02624389797368337	0.01	2.0	4.0	-176.2763366346026
165	0.026768775933157036	0.01	2.0	4.0	-177.4065325554197
166	0.027304151451820177	0.01	2.0	4.0	-178.55823479775776
167	0.027850234480856582	0.01	2.0	4.0	-179.73132623597354
168	0.028407239170473712	0.01	2.0	4.0	-180.9256542752611
169	0.028975383953883188	0.01	2.0	4.0	-182.14102984671342
170	0.029554891632960854	0.01	2.0	4.0	-183.37722656271367
171	0.030145989465620072	0.01	2.0	4.0	-184.6339800527376
172	0.030748909254932472	0.01	2.0	4.0	-185.91098749996
173	0.03136388744003112	0.01	2.0	4.0	-187.20790739750512
174	0.031991165188831744	0.01	2.0	4.0	-188.52435954313066
175	0.03263098849260838	0.01	2.0	4.0	-189.85992528887704
176	0.033283608262460546	0.01	2.0	4.0	-191.21414806081305
177	0.033949280427709755	0.01	2.0	4.0	-192.58653416184686
178	0.03462826603626395	0.01	2.0	4.0	-193.976553867164
179	0.03532083135698923	0.01	2.0	4.0	-195.38364281982743
180	0.03602724798412901	0.01	2.0	4.0	-196.80720372950074
181	0.03674779294381159	0.01	2.0	4.0	-198.24660837447703
182	0.03748274880268782	0.01	2.0	4.0	-199.70119990188311
183	0.038232403778741576	0.01	2.0	4.0	-201.17029541809816
184	0.03899705185431641	0.01	2.0	4.0	-202.6531888553152
185	0.039776992891402733	0.01	2.0	4.0	-204.1491540970889
186	0.04057253274923079	0.01	2.0	4.0	-205.65744833995942
187	0.0413839834042154	0.01	2.0	4.0	-207.17731566499592
188	0.04221166307229971	0.01	2.0	4.0	-208.70799078801423
189	0.04305589633374571	0.01	2.0	4.0	-210.2487029539162
190	0.04391701426042062	0.01	2.0	4.0	-211.79867993732083
191	0.04479535454562903	0.01	2.0	4.0	-213.35715210850333
192	0.045691261636541615	0.01	2.0	4.0	-214.923356521623
193	0.04660508686927245	0.01	2.0	4.0	-216.4965409810999
194	0.0475371886066579	0.01	2.0	4.0	-218.0759680405357
195	0.04848793237879106	0.01	2.0	4.0	-219.66091888948873
196	0.04945769102636688	0.01	2.0	4.0	-221.2506970836606
197	0.05044684484689422	0.01	2.0	4.0	-222.844632076009
198	0.051455781743832106	0.01	2.0	4.0	-224.44208250895466
199	0.05248489737870875	0.01	2.0	4.0	-226.04243923061566
200	0.05353459532628292	0.01	2.0	4.0	-227.64512800241923
201	0.05460528723280858	0.01	2.0	4.0	-229.24961186943588
202	0.05569739297746475	0.01	2.0	4.0	-230.85539317004162
203	0.05681134083701405	0.01	2.0	4.0	-232.46201516653701
204	0.057947567653754334	0.01	2.0	4.0	-234.0690632842936
205	0.05910651900682942	0.01	2.0	4.0	-235.67616595208094
206	0.060288649386966014	0.01	2.0	4.0	-237.28299504256725
207	0.061494422374705336	0.01	2.0	4.0	-238.88926591674385
208	0.06272431082219944	0.01	2.0	4.0	-240.49473708215928
209	0.06397879703864343	0.01	2.0	4.0	-242.09920947881258
210	0.0652583729794163	0.01	2.0	4.0	-243.7025254120226
211	0.06656354043900461	0.01	2.0	4.0	-245.3045671548616
212	0.06789481124778471	0.01	2.0	4.0	-246.9052552463697
213	0.0692527074727404	0.01	2.0	4.0	-248.50454651488297
214	0.0706377616221952	0.01	2.0	4.0	-250.10243185750957
215	0.0720505168546391	0.01	2.0	4.0	-251.69893380876118
216	0.07349152719173188	0.01	2.0	4.0	-253.29410393209528
217	0.07496135773556652	0.01	2.0	4.0	-254.8880200684814
218	0.07646058489027785	0.01	2.0	4.0	-256.48078347610556
219	0.0779897965880834	0.01	2.0	4.0	-258.07251589430155
220	0.07954959251984507	0.01	2.0	4.0	-259.66335656409694
221	0.08114058437024198	0.01	2.0	4.0	-261.2534592356536
222	0.08276339605764682	0.01	2.0	4.0	-262.8429891916224
223	0.08441866397879975	0.01	2.0	4.0	-264.4321203128628
224	0.08610703725837575	0.01	2.0	4.0	-266.0210322107847
225	0.08782917800354327	0.01	2.0	4.0	-267.6099074483442
226	0.08958576156361414	0.01	2.0	4.0	-269.1989288686207
227	0.09137747679488642	0.01	2.0	4.0	-270.78827704806787
228	0.09320502633078415	0.01	2.0	4.0	-272.37812788832133
229	0.09506912685739984	0.01	2.0	4.0	-273.9686503584192
230	0.09697050939454784	0.01	2.0	4.0	-275.5600043964743
231	0.09890991958243879	0.01	2.0	4.0	-277.1523389781447
232	0.10088811797408757	0.01	2.0	4.0	-278.7457903564443
233	0.10290588033356933	0.01	2.0	4.0	-280.34048047596093
