#
#model:
#
#<?xml version="1.0" encoding="UTF-8" standalone="no"?><input id="posterior" spec="beast.core.util.CompoundDistribution">
#    <distribution id="prior" spec="beast.core.util.CompoundDistribution"/>
#    <distribution id="likelihood" spec="beast.core.util.CompoundDistribution">
#        <distribution id="coalescent" spec="beast.structuredCoalescent.distribution.Masco">
#            <parameter id="stepSize" name="timeStep">0.01</parameter>
#            <parameter dimension="2" id="coalRates" name="coalescentRates">2.0 4.0</parameter>
#            <parameter dimension="2" id="migRates" name="migrationRates" upper="140.0">0.001 0.01</parameter>
#            <dim id="IntegerParameter" lower="0" spec="beast.core.parameter.IntegerParameter" upper="0">2</dim>
#            <structuredTreeIntervals id="TreeIntervals" spec="beast.structuredCoalescent.distribution.StructuredTreeIntervals">
#                <tree id="NewickTree.t:Species"/>
#            </structuredTreeIntervals>
#        </distribution>
#    </distribution>
#</input>
#
Sample	migRates1	migRates2	coalRates1	coalRates2	posterior
0	0.00102	0.01	2.0	4.0	-107.42759585914334
1	0.0010404000000000001	0.01	2.0	4.0	-107.40797122735776
2	0.0010612080000000001	0.01	2.0	4.0	-107.38851810007782
3	0.0010824321600000002	0.01	2.0	4.0	-107.36925510691552
4	0.0011040808032000001	0.01	2.0	4.0	-107.35020196411332
5	0.0011261624192640003	0.01	2.0	4.0	-107.33137901713364
6	0.0011486856676492802	0.01	2.0	4.0	-107.31280665267246
7	0.0011716593810022658	0.01	2.0	4.0	-107.29450459075389
8	0.0011950925686223112	0.01	2.0	4.0	-107.27649108192014
9	0.0012189944199947574	0.01	2.0	4.0	-107.2587820495392
10	0.0012433743083946527	0.01	2.0	4.0	-107.24139023062854
11	0.0012682417945625458	0.01	2.0	4.0	-107.22432437772792
12	0.0012936066304537967	0.01	2.0	4.0	-107.2075885868518
13	0.0013194787630628727	0.01	2.0	4.0	-107.19118181087913
14	0.00134586833832413	0.01	2.0	4.0	-107.17509760377399
15	0.0013727857050906127	0.01	2.0	4.0	-107.15932412030982
16	0.001400241419192425	0.01	2.0	4.0	-107.14384437149103
17	0.0014282462475762735	0.01	2.0	4.0	-107.12863671147159
18	0.001456811172527799	0.01	2.0	4.0	-107.11367551125309
19	0.001485947395978355	0.01	2.0	4.0	-107.09893196070864
20	0.001515666343897922	0.01	2.0	4.0	-107.08437493492862
21	0.0015459796707758804	0.01	2.0	4.0	-107.0699718633151
22	0.001576899264191398	0.01	2.0	4.0	-107.05568954870112
23	0.001608437249475226	0.01	2.0	4.0	-107.04149489669042
24	0.0016406059944647305	0.01	2.0	4.0	-107.02735552988932
25	0.001673418114354025	0.01	2.0	4.0	-107.01324027555718
26	0.0017068864766411056	0.01	2.0	4.0	-106.9991195269144
27	0.0017410242061739278	0.01	2.0	4.0	-106.9849654871175
28	0.0017758446902974064	0.01	2.0	4.0	-106.97075231058213
29	0.0018113615841033545	0.01	2.0	4.0	-106.95645615920421
30	0.0018475888157854217	0.01	2.0	4.0	-106.9420551916598
31	0.0018845405921011301	0.01	2.0	4.0	-106.9275295029923
32	0.0019222314039431527	0.01	2.0	4.0	-106.91286102973714
33	0.001960676032022016	0.01	2.0	4.0	-106.89803343338647
34	0.001999889552662456	0.01	2.0	4.0	-106.88303197243864
35	0.0020398873437157054	0.01	2.0	4.0	-106.86784337085712
36	0.0020806850905900195	0.01	2.0	4.0	-106.85245568862562
37	0.00212229879240182	0.01	2.0	4.0	-106.83685819829427
38	0.0021647447682498562	0.01	2.0	4.0	-106.82104126997424
39	0.0022080396636148534	0.01	2.0	4.0	-106.80499626613202
40	0.0022522004568871503	0.01	2.0	4.0	-106.78871544671554
41	0.0022972444660248935	0.01	2.0	4.0	-106.77219188456488
42	0.0023431893553453914	0.01	2.0	4.0	-106.75541939067011
43	0.002390053142452299	0.01	2.0	4.0	-106.73839244859744
44	0.002437854205301345	0.01	2.0	4.0	-106.7211061572699
45	0.002486611289407372	0.01	2.0	4.0	-106.7035561812338
46	0.0025363435151955194	0.01	2.0	4.0	-106.68573870754206
47	0.00258707038549943	0.01	2.0	4.0	-106.66765040841855
48	0.0026388117932094187	0.01	2.0	4.0	-106.64928840892526
49	0.002691588029073607	0.01	2.0	4.0	-106.63065025892121
50	0.0027454197896550794	0.01	2.0	4.0	-106.6117339086763
51	0.002800328185448181	0.01	2.0	4.0	-106.59253768757574
52	0.0028563347491571446	0.01	2.0	4.0	-106.57306028542102
53	0.0029134614441402875	0.01	2.0	4.0	-106.55330073590004
54	0.002971730673023093	0.01	2.0	4.0	-106.533258401858
55	0.003031165286483555	0.01	2.0	4.0	-106.51293296205536
56	0.003091788592213226	0.01	2.0	4.0	-106.4923243991471
57	0.0031536243640574906	0.01	2.0	4.0	-106.47143298865943
58	0.0032166968513386404	0.01	2.0	4.0	-106.45025928877776
59	0.003281030788365413	0.01	2.0	4.0	-106.42880413079075
60	0.0033466514041327216	0.01	2.0	4.0	-106.40706861006404
61	0.0034135844322153762	0.01	2.0	4.0	-106.38505407743972
62	0.003481856120859684	0.01	2.0	4.0	-106.36276213097909
63	0.0035514932432768776	0.01	2.0	4.0	-106.34019460798272
64	0.003622523108142415	0.01	2.0	4.0	-106.3173535772362
65	0.0036949735703052634	0.01	2.0	4.0	-106.29424133144333
66	0.0037688730417113686	0.01	2.0	4.0	-106.27086037981722
67	0.003844250502545596	0.01	2.0	4.0	-106.24721344081004
68	0.003921135512596508	0.01	2.0	4.0	-106.2233034349676
69	0.003999558222848438	0.01	2.0	4.0	-106.19913347790192
70	0.0040795493873054065	0.01	2.0	4.0	-106.17470687337882
71	0.004161140375051515	0.01	2.0	4.0	-106.15002710652185
72	0.004244363182552545	0.01	2.0	4.0	-106.12509783713634
73	0.004329250446203596	0.01	2.0	4.0	-106.0999228931597
74	0.004415835455127668	0.01	2.0	4.0	-106.07450626424566
75	0.004504152164230221	0.01	2.0	4.0	-106.04885209549134
76	0.004594235207514826	0.01	2.0	4.0	-106.02296468131641
77	0.004686119911665123	0.01	2.0	4.0	-105.99684845950424
78	0.004779842309898425	0.01	2.0	4.0	-105.97050800541435
79	0.004875439156096393	0.01	2.0	4.0	-105.94394802637635
80	0.004972947939218321	0.01	2.0	4.0	-105.91717335627334
81	0.005072406898002688	0.01	2.0	4.0	-105.89018895032378
82	0.005173855035962741	0.01	2.0	4.0	-105.8629998800692
83	0.0052773321366819965	0.01	2.0	4.0	-105.83561132857453
84	0.005382878779415637	0.01	2.0	4.0	-105.80802858584646
85	0.00549053635500395	0.01	2.0	4.0	-105.78025704447533
86	0.005600347082104029	0.01	2.0	4.0	-105.75230219550383
87	0.0057123540237461095	0.01	2.0	4.0	-105.72416962452566
88	0.005826601104221032	0.01	2.0	4.0	-105.69586500801563
89	0.005943133126305453	0.01	2.0	4.0	-105.66739410989302
90	0.006061995788831562	0.01	2.0	4.0	-105.63876277831704
91	0.0061832357046081934	0.01	2.0	4.0	-105.60997694271433
92	0.006306900418700357	0.01	2.0	4.0	-105.5810426110366
93	0.006433038427074365	0.01	2.0	4.0	-105.55196586724568
94	0.006561699195615852	0.01	2.0	4.0	-105.52275286902339
95	0.006692933179528169	0.01	2.0	4.0	-105.49340984570154
96	0.006826791843118732	0.01	2.0	4.0	-105.46394309640854
97	0.006963327679981107	0.01	2.0	4.0	-105.43435898842714
98	0.00710259423358073	0.01	2.0	4.0	-105.40466395575824
99	0.007244646118252344	0.01	2.0	4.0	-105.3748644978846
100	0.007389539040617391	0.01	2.0	4.0	-105.34496717872925
101	0.007537329821429739	0.01	2.0	4.0	-105.31497862580117
102	0.007688076417858334	0.01	2.0	4.0	-105.28490552952283
103	0.0078418379462155	0.01	2.0	4.0	-105.25475464273222
104	0.007998674705139812	0.01	2.0	4.0	-105.22453278035309
105	0.008158648199242608	0.01	2.0	4.0	-105.19424681922655
106	0.00832182116322746	0.01	2.0	4.0	-105.16390369809737
107	0.008488257586492009	0.01	2.0	4.0	-105.13351041774862
108	0.00865802273822185	0.01	2.0	4.0	-105.10307404127752
109	0.008831183192986286	0.01	2.0	4.0	-105.07260169450733
110	0.009007806856846013	0.01	2.0	4.0	-105.04210056652785
111	0.009187962993982933	0.01	2.0	4.0	-105.01157791035975
112	0.009371722253862591	0.01	2.0	4.0	-104.98104104373641
113	0.009559156698939843	0.01	2.0	4.0	-104.95049734999836
114	0.00975033983291864	0.01	2.0	4.0	-104.91995427909498
115	0.009945346629577013	0.01	2.0	4.0	-104.88941934868886
116	0.010144253562168554	0.01	2.0	4.0	-104.85890014535852
117	0.010347138633411924	0.01	2.0	4.0	-104.82840432589533
118	0.010554081406080162	0.01	2.0	4.0	-104.7979396186909
119	0.010765163034201766	0.01	2.0	4.0	-104.76751382521188
120	0.010980466294885801	0.01	2.0	4.0	-104.73713482155868
121	0.011200075620783517	0.01	2.0	4.0	-104.70681056010618
122	0.011424077133199187	0.01	2.0	4.0	-104.67654907122346
123	0.011652558675863171	0.01	2.0	4.0	-104.64635846507117
124	0.011885609849380434	0.01	2.0	4.0	-104.61624693347476
125	0.012123322046368044	0.01	2.0	4.0	-104.58622275187207
126	0.012365788487295405	0.01	2.0	4.0	-104.5562942813348
127	0.012613104257041314	0.01	2.0	4.0	-104.5264699706629
128	0.01286536634218214	0.01	2.0	4.0	-104.4967583585515
129	0.013122673669025782	0.01	2.0	4.0	-104.46716807583053
130	0.013385127142406299	0.01	2.0	4.0	-104.43770784777698
131	0.013652829685254424	0.01	2.0	4.0	-104.40838649650006
132	0.013925886278959514	0.01	2.0	4.0	-104.37921294340029
133	0.014204404004538705	0.01	2.0	4.0	-104.35019621170284
134	0.01448849208462948	0.01	2.0	4.0	-104.3213454290664
135	0.014778261926322069	0.01	2.0	4.0	-104.29266983026834
136	0.01507382716484851	0.01	2.0	4.0	-104.26417875996785
137	0.01537530370814548	0.01	2.0	4.0	-104.23588167554814
138	0.01568280978230839	0.01	2.0	4.0	-104.20778815003901
139	0.01599646597795456	0.01	2.0	4.0	-104.17990787512167
140	0.01631639529751365	0.01	2.0	4.0	-104.15225066421723
141	0.016642723203463924	0.01	2.0	4.0	-104.12482645566057
142	0.016975577667533204	0.01	2.0	4.0	-104.09764531596117
143	0.01731508922088387	0.01	2.0	4.0	-104.07071744315282
144	0.017661391005301546	0.01	2.0	4.0	-104.04405317023374
145	0.01801461882540758	0.01	2.0	4.0	-104.01766296869913
146	0.01837491120191573	0.01	2.0	4.0	-103.99155745216767
147	0.018742409425954048	0.01	2.0	4.0	-103.96574738010389
148	0.01911725761447313	0.01	2.0	4.0	-103.94024366163812
149	0.019499602766762592	0.01	2.0	4.0	-103.91505735948587
150	0.019889594822097845	0.01	2.0	4.0	-103.89019969396837
151	0.0202873867185398	0.01	2.0	4.0	-103.86568204713589
152	0.020693134452910596	0.01	2.0	4.0	-103.84151596699596
153	0.021106997141968807	0.01	2.0	4.0	-103.81771317184803
154	0.021529137084808185	0.01	2.0	4.0	-103.7942855547264
155	0.02195971982650435	0.01	2.0	4.0	-103.77124518795341
156	0.022398914223034437	0.01	2.0	4.0	-103.74860432780459
157	0.022846892507495126	0.01	2.0	4.0	-103.72637541928783
158	0.02330383035764503	0.01	2.0	4.0	-103.70457110103865
159	0.02376990696479793	0.01	2.0	4.0	-103.68320421033313
160	0.024245305104093888	0.01	2.0	4.0	-103.66228778822145
161	0.024730211206175766	0.01	2.0	4.0	-103.64183508478348
162	0.02522481543029928	0.01	2.0	4.0	-103.62185956450935
163	0.025729311738905265	0.01	2.0	4.0	-103.6023749118072
164	0.02624389797368337	0.01	2.0	4.0	-103.5833950366405
165	0.026768775933157036	0.01	2.0	4.0	-103.56493408029856
166	0.027304151451820177	0.01	2.0	4.0	-103.54700642130202
167	0.027850234480856582	0.01	2.0	4.0	-103.52962668144755
168	0.028407239170473712	0.01	2.0	4.0	-103.51280973199408
169	0.028975383953883188	0.01	2.0	4.0	-103.4965706999951
170	0.029554891632960854	0.01	2.0	4.0	-103.4809249747801
171	0.030145989465620072	0.01	2.0	4.0	-103.46588821458931
172	0.030748909254932472	0.01	2.0	4.0	-103.45147635336662
173	0.03136388744003112	0.01	2.0	4.0	-103.43770560771434
174	0.031991165188831744	0.01	2.0	4.0	-103.42459248401545
175	0.03263098849260838	0.01	2.0	4.0	-103.4121537857281
176	0.033283608262460546	0.01	2.0	4.0	-103.40040662085812
177	0.033949280427709755	0.01	2.0	4.0	-103.38936840961522
178	0.03462826603626395	0.01	2.0	4.0	-103.37905689225907
179	0.03532083135698923	0.01	2.0	4.0	-103.36949013714211
180	0.03602724798412901	0.01	2.0	4.0	-103.36068654895558
181	0.03674779294381159	0.01	2.0	4.0	-103.35266487718627
182	0.03748274880268782	0.01	2.0	4.0	-103.34544422479202
183	0.038232403778741576	0.01	2.0	4.0	-103.33904405710342
184	0.03899705185431641	0.01	2.0	4.0	-103.33348421096063
185	0.039776992891402733	0.01	2.0	4.0	-103.32878490409436
186	0.04057253274923079	0.01	2.0	4.0	-103.32496674475969
187	0.0413839834042154	0.01	2.0	4.0	-103.32205074163308
188	0.04221166307229971	0.01	2.0	4.0	-103.32005831398216
189	0.04305589633374571	0.01	2.0	4.0	-103.31901130211915
190	0.04391701426042062	0.01	2.0	4.0	-103.31893197814831
191	0.04479535454562903	0.01	2.0	4.0	-103.31984305701874
192	0.045691261636541615	0.01	2.0	4.0	-103.32176770789394
193	0.04660508686927245	0.01	2.0	4.0	-103.32472956584971
194	0.0475371886066579	0.01	2.0	4.0	-103.32875274391199
195	0.04848793237879106	0.01	2.0	4.0	-103.33386184544702
196	0.04945769102636688	0.01	2.0	4.0	-103.34008197691495
197	0.05044684484689422	0.01	2.0	4.0	-103.34743876099952
198	0.051455781743832106	0.01	2.0	4.0	-103.35595835012442
199	0.05248489737870875	0.01	2.0	4.0	-103.365667440368
200	0.05353459532628292	0.01	2.0	4.0	-103.37659328578637
201	0.05460528723280858	0.01	2.0	4.0	-103.38876371315438
202	0.05569739297746475	0.01	2.0	4.0	-103.40220713713273
203	0.05681134083701405	0.01	2.0	4.0	-103.41695257586774
204	0.057947567653754334	0.01	2.0	4.0	-103.43302966702846
205	0.05910651900682942	0.01	2.0	4.0	-103.45046868428275
206	0.060288649386966014	0.01	2.0	4.0	-103.46930055421163
207	0.061494422374705336	0.01	2.0	4.0	-103.48955687365627
208	0.06272431082219944	0.01	2.0	4.0	-103.51126992748786
209	0.06397879703864343	0.01	2.0	4.0	-103.53447270678426
210	0.0652583729794163	0.01	2.0	4.0	-103.55919892739074
211	0.06656354043900461	0.01	2.0	4.0	-103.58548304883288
212	0.06789481124778471	0.01	2.0	4.0	-103.61336029354041
213	0.0692527074727404	0.01	2.0	4.0	-103.64286666632694
214	0.0706377616221952	0.01	2.0	4.0	-103.67403897405798
215	0.0720505168546391	0.01	2.0	4.0	-103.70691484541996
216	0.07349152719173188	0.01	2.0	4.0	-103.74153275068441
217	0.07496135773556652	0.01	2.0	4.0	-103.77793202133518
218	0.07646058489027785	0.01	2.0	4.0	-103.81615286939902
219	0.0779897965880834	0.01	2.0	4.0	-103.85623640628533
220	0.07954959251984507	0.01	2.0	4.0	-103.89822466090048
221	0.08114058437024198	0.01	2.0	4.0	-103.94216059675591
222	0.08276339605764682	0.01	2.0	4.0	-103.9880881277335
223	0.08441866397879975	0.01	2.0	4.0	-104.03605213210837
224	0.08610703725837575	0.01	2.0	4.0	-104.08609846435313
225	0.08782917800354327	0.01	2.0	4.0	-104.13827396416217
226	0.08958576156361414	0.01	2.0	4.0	-104.19262646203286
227	0.09137747679488642	0.01	2.0	4.0	-104.24920478062438
228	0.09320502633078415	0.01	2.0	4.0	-104.30805873098157
229	0.09506912685739984	0.01	2.0	4.0	-104.3692391025577
230	0.09697050939454784	0.01	2.0	4.0	-104.43279764579519
231	0.09890991958243879	0.01	2.0	4.0	-104.49878704582655
232	0.10088811797408757	0.01	2.0	4.0	-104.5672608856337
233	0.10290588033356933	0.01	2.0	4.0	-104.63827359675714
